<?xml version="1.0" encoding="UTF-8"?>
<!-- Generated by org.testng.reporters.JUnitXMLReporter -->
<testsuite hostname="DESKTOP-U1I4D85" ignored="1" name="testngTest" tests="1" failures="0" timestamp="11 Aug 2018 19:46:53 GMT" time="40.322" errors="0">
  <testcase name="registroDeNuevoUsuario" time="10.252" classname="testNG.testNG2"/>
  <testcase name="seleccionarUnVuelo" time="0.0" classname="testNG.testNG2">
    <ignored/>
  </testcase> <!-- seleccionarUnVuelo -->
</testsuite> <!-- testngTest -->
